<?xml version="1.0" encoding="UTF-8"?>
<!-- Generated by org.testng.reporters.JUnitXMLReporter -->
<testsuite hostname="DEL-NGIRDHAR-LT" ignored="2" name="carloan" tests="5" failures="0" timestamp="08 Sep 2019 06:07:23 GMT" time="0.027" errors="0">
  <testcase name="inquirt1" time="0.002" classname="Test.Carloan"/>
  <testcase name="inquirt2" time="0.002" classname="Test.Carloan"/>
  <testcase name="inquirt3" time="0.001" classname="Test.Carloan"/>
  <testcase name="inquirt3" time="0.002" classname="Test.Carloan"/>
  <testcase name="inquirt3" time="0.001" classname="Test.Carloan"/>
  <testcase name="interestrate" time="0.0" classname="Test.Carloan">
    <ignored/>
  </testcase> <!-- interestrate -->
  <testcase name="personalloaninquiry" time="0.0" classname="Test.Carloan">
    <ignored/>
  </testcase> <!-- personalloaninquiry -->
</testsuite> <!-- carloan -->
