<?xml version="1.0" encoding="UTF-8"?>
<!-- Generated by org.testng.reporters.JUnitXMLReporter -->
<testsuite hostname="DEL-NGIRDHAR-LT" ignored="1" name="Regression" tests="11" failures="0" timestamp="08 Sep 2019 06:07:29 GMT" time="0.084" errors="0">
  <testcase name="interestrate" time="0.006" classname="Test.PersonalLoan"/>
  <testcase name="interestrate1" time="0.003" classname="Test.PersonalLoan"/>
  <testcase name="interestrate2" time="0.002" classname="Test.PersonalLoan"/>
  <testcase name="inquirt1" time="0.002" classname="Test.Carloan"/>
  <testcase name="inquirt2" time="0.002" classname="Test.Carloan"/>
  <testcase name="inquirt3" time="0.002" classname="Test.Carloan"/>
  <testcase name="inquirt3" time="0.003" classname="Test.Carloan"/>
  <testcase name="inquirt3" time="0.002" classname="Test.Carloan"/>
  <testcase name="interestrate" time="0.002" classname="Test.Carloan"/>
  <testcase name="Homeinterestrate" time="0.001" classname="Test.HomeLoan"/>
  <testcase name="personalloaninquiry" time="0.002" classname="Test.HomeLoan"/>
  <testcase name="personalloaninquiry" time="0.0" classname="Test.Carloan">
    <ignored/>
  </testcase> <!-- personalloaninquiry -->
</testsuite> <!-- Regression -->
