<?xml version="1.0" encoding="UTF-8"?>
<!-- Generated by org.testng.reporters.JUnitXMLReporter -->
<testsuite hostname="DEL-NGIRDHAR-LT" ignored="0" name="Test" tests="3" failures="0" timestamp="08 Sep 2019 06:07:23 GMT" time="0.049" errors="0">
  <testcase name="interestrate" time="0.007" classname="Test.PersonalLoan"/>
  <testcase name="interestrate1" time="0.003" classname="Test.PersonalLoan"/>
  <testcase name="interestrate2" time="0.002" classname="Test.PersonalLoan"/>
</testsuite> <!-- Test -->
