<?xml version="1.0" encoding="UTF-8"?>
<!-- Generated by org.testng.reporters.JUnitXMLReporter -->
<testsuite hostname="DEL-NGIRDHAR-LT" ignored="0" name="Default test" tests="3" failures="0" timestamp="08 Sep 2019 04:56:03 GMT" time="0.062" errors="0">
  <testcase name="interestrate" time="0.016" classname="Test.PersonalLoan"/>
  <testcase name="interestrate1" time="0.0" classname="Test.PersonalLoan"/>
  <testcase name="interestrate2" time="0.0" classname="Test.PersonalLoan"/>
</testsuite> <!-- Default test -->
